Using pre-set license
Built from '2020.3/staging' branch; Version is '2020.3.3f1 (76626098c1c4) revision 7758432'; Using compiler version '192528614'; Build Type 'Release'
OS: 'Windows 10 Home Single Language; OS build 19041.928; Version 2004; 64bit' Language: 'pt' Physical Memory: 3971 MB
BatchMode: 1, IsHumanControllingUs: 0, StartBugReporterOnCrash: 0, Is64bit: 1, IsPro: 0

 COMMAND LINE ARGUMENTS:
C:\Program Files\Unity\Hub\Editor\2020.3.3f1\Editor\Unity.exe
-adb2
-batchMode
-noUpm
-name
AssetImportWorker13
-projectPath
C:/GitHub/trabalho de escola
-logFile
Logs/AssetImportWorker13.log
-srvPort
49699
Successfully changed project path to: C:/GitHub/trabalho de escola
C:/GitHub/trabalho de escola
Using Asset Import Pipeline V2.
Refreshing native plugins compatible for Editor in 55.10 ms, found 1 plugins.
Preloading 0 native plugins for Editor in 0.00 ms.
Initialize engine version: 2020.3.3f1 (76626098c1c4)
[Subsystems] Discovering subsystems at path C:/Program Files/Unity/Hub/Editor/2020.3.3f1/Editor/Data/Resources/UnitySubsystems
[Subsystems] Discovering subsystems at path C:/GitHub/trabalho de escola/Assets
GfxDevice: creating device client; threaded=0
Direct3D:
    Version:  Direct3D 11.0 [level 11.1]
    Renderer: Intel(R) HD Graphics 620 (ID=0x5916)
    Vendor:   
    VRAM:     1985 MB
    Driver:   26.20.100.7261
Initialize mono
Mono path[0] = 'C:/Program Files/Unity/Hub/Editor/2020.3.3f1/Editor/Data/Managed'
Mono path[1] = 'C:/Program Files/Unity/Hub/Editor/2020.3.3f1/Editor/Data/MonoBleedingEdge/lib/mono/unityjit'
Mono config path = 'C:/Program Files/Unity/Hub/Editor/2020.3.3f1/Editor/Data/MonoBleedingEdge/etc'
Using monoOptions --debugger-agent=transport=dt_socket,embedding=1,server=y,suspend=n,address=127.0.0.1:56368
Begin MonoManager ReloadAssembly
Registering precompiled unity dll's ...
Register platform support module: C:/Program Files/Unity/Hub/Editor/2020.3.3f1/Editor/Data/PlaybackEngines/WebGLSupport/UnityEditor.WebGL.Extensions.dll
Register platform support module: C:/Program Files/Unity/Hub/Editor/2020.3.3f1/Editor/Data/PlaybackEngines/WindowsStandaloneSupport/UnityEditor.WindowsStandalone.Extensions.dll
Registered in 0.003547 seconds.
Native extension for WindowsStandalone target not found
Native extension for WebGL target not found
Refreshing native plugins compatible for Editor in 66.46 ms, found 1 plugins.
Preloading 0 native plugins for Editor in 0.00 ms.
Invoked RoslynAnalysisRunner static constructor.
RoslynAnalysisRunner will not be running.
RoslynAnalysisRunner has terminated.
Mono: successfully reloaded assembly
- Completed reload, in  2.637 seconds
Platform modules already initialized, skipping
Registering precompiled user dll's ...
Registered in 0.001477 seconds.
Begin MonoManager ReloadAssembly
Native extension for WindowsStandalone target not found
Native extension for WebGL target not found
Refreshing native plugins compatible for Editor in 58.56 ms, found 1 plugins.
Preloading 0 native plugins for Editor in 0.00 ms.
Invoked RoslynAnalysisRunner static constructor.
RoslynAnalysisRunner will not be running.
RoslynAnalysisRunner has terminated.
Mono: successfully reloaded assembly
- Completed reload, in  3.346 seconds
Platform modules already initialized, skipping
========================================================================
Worker process is ready to serve import requests
Launched and connected shader compiler UnityShaderCompiler.exe after 1.18 seconds
Refreshing native plugins compatible for Editor in 1.12 ms, found 1 plugins.
Preloading 0 native plugins for Editor in 0.00 ms.
Unloading 1813 Unused Serialized files (Serialized files now loaded: 0)
System memory in use before: 85.0 MB.
System memory in use after: 84.9 MB.

Unloading 24 unused Assets to reduce memory usage. Loaded Objects now: 2256.
Total: 4.338800 ms (FindLiveObjects: 0.454800 ms CreateObjectMapping: 0.170700 ms MarkObjects: 3.425300 ms  DeleteObjects: 0.285400 ms)

========================================================================
Received Import Request.
  path: Assets/Scenes/Fase1.unity
  artifactKey: Guid(07ed861215f6f13489ef0b78ad60d47d) Importer(815301076,1909f56bfc062723c751e8b465ee728b)
Start importing Assets/Scenes/Fase1.unity using Guid(07ed861215f6f13489ef0b78ad60d47d) Importer(815301076,1909f56bfc062723c751e8b465ee728b)  -> (artifact id: 'c6f464e3693371119b7e15f7e67981c4') in 0.384298 seconds
  Import took 0.704662 seconds .

========================================================================
Received Import Request.
  Time since last request: 0.000409 seconds.
  path: Assets/Scripts/Player_Mov.cs
  artifactKey: Guid(a79b6a2ea3a172d4f9ebd3330e0ca104) Importer(815301076,1909f56bfc062723c751e8b465ee728b)
Start importing Assets/Scripts/Player_Mov.cs using Guid(a79b6a2ea3a172d4f9ebd3330e0ca104) Importer(815301076,1909f56bfc062723c751e8b465ee728b)  -> (artifact id: '2807bc954be93ce6e316b8ee931239f1') in 1.057875 seconds
  Import took 1.138482 seconds .

========================================================================
Received Import Request.
  Time since last request: 59.890588 seconds.
  path: Assets/Scripts/Dino_Mov.cs
  artifactKey: Guid(280b058b3d3011448a420141336dcb15) Importer(815301076,1909f56bfc062723c751e8b465ee728b)
Start importing Assets/Scripts/Dino_Mov.cs using Guid(280b058b3d3011448a420141336dcb15) Importer(815301076,1909f56bfc062723c751e8b465ee728b)  -> (artifact id: '87d75658a6066dd431b75bacbc118a98') in 0.053423 seconds
  Import took 0.167064 seconds .

========================================================================
Received Import Request.
  Time since last request: 1.113299 seconds.
  path: Assets/Scripts/Menu.cs
  artifactKey: Guid(453ba64789ddd9349b3e29282dd3f43a) Importer(815301076,1909f56bfc062723c751e8b465ee728b)
Start importing Assets/Scripts/Menu.cs using Guid(453ba64789ddd9349b3e29282dd3f43a) Importer(815301076,1909f56bfc062723c751e8b465ee728b)  -> (artifact id: 'aa2c42afe80f368750deb8d8946e7c6c') in 0.075797 seconds
  Import took 0.170069 seconds .

========================================================================
Received Import Request.
  Time since last request: 261.130159 seconds.
  path: Assets/Scenes/Escalada.unity
  artifactKey: Guid(9b43fb49d7ab5a4448cb80f9fe722e11) Importer(815301076,1909f56bfc062723c751e8b465ee728b)
Start importing Assets/Scenes/Escalada.unity using Guid(9b43fb49d7ab5a4448cb80f9fe722e11) Importer(815301076,1909f56bfc062723c751e8b465ee728b)  -> (artifact id: '6251317e28887c9052ee261032271de6') in 0.892166 seconds
  Import took 0.954603 seconds .

